mode: set
github.com/SeansC12/marvote/pkg/service/character_service.go:14.97,18.2 1 0
github.com/SeansC12/marvote/pkg/service/character_service.go:20.69,22.16 2 0
github.com/SeansC12/marvote/pkg/service/character_service.go:25.2,25.24 1 0
github.com/SeansC12/marvote/pkg/service/character_service.go:22.16,24.3 1 0
github.com/SeansC12/marvote/pkg/service/character_service.go:28.79,30.16 2 0
github.com/SeansC12/marvote/pkg/service/character_service.go:33.2,33.29 1 0
github.com/SeansC12/marvote/pkg/service/character_service.go:30.16,32.3 1 0
github.com/SeansC12/marvote/pkg/service/character_service.go:36.93,39.2 2 0
github.com/SeansC12/marvote/pkg/service/character_service_mock.go:12.78,15.2 2 0
github.com/SeansC12/marvote/pkg/service/character_service_mock.go:17.83,20.2 2 0
github.com/SeansC12/marvote/pkg/service/errors.go:10.48,12.2 1 0
github.com/SeansC12/marvote/cmd/root.go:43.16,45.16 2 0
github.com/SeansC12/marvote/cmd/root.go:45.16,47.3 1 0
github.com/SeansC12/marvote/cmd/root.go:50.13,53.2 2 1
github.com/SeansC12/marvote/cmd/root.go:56.19,57.19 1 0
github.com/SeansC12/marvote/cmd/root.go:71.2,74.45 2 0
github.com/SeansC12/marvote/cmd/root.go:57.19,60.3 1 0
github.com/SeansC12/marvote/cmd/root.go:60.8,69.3 5 0
github.com/SeansC12/marvote/cmd/root.go:74.45,76.3 1 0
github.com/SeansC12/marvote/main.go:26.13,28.2 1 0
github.com/SeansC12/marvote/pkg/api/v1/character/routes_test_mock.go:12.74,15.2 2 1
github.com/SeansC12/marvote/pkg/api/v1/character/routes_test_mock.go:17.75,20.2 2 1
github.com/SeansC12/marvote/pkg/api/v1/character/routes_test_mock.go:22.98,25.2 2 1
github.com/SeansC12/marvote/pkg/repository/character_repository.go:9.52,25.2 7 0
github.com/SeansC12/marvote/pkg/repository/character_repository.go:27.73,29.2 1 0
github.com/SeansC12/marvote/pkg/repository/character_repository.go:31.87,32.38 1 0
github.com/SeansC12/marvote/pkg/repository/character_repository.go:37.2,37.35 1 0
github.com/SeansC12/marvote/pkg/repository/character_repository.go:32.38,33.30 1 0
github.com/SeansC12/marvote/pkg/repository/character_repository.go:33.30,35.4 1 0
github.com/SeansC12/marvote/cmd/serve.go:26.13,38.2 1 1
github.com/SeansC12/marvote/cmd/serve.go:40.53,54.55 9 0
github.com/SeansC12/marvote/cmd/serve.go:61.2,61.34 1 0
github.com/SeansC12/marvote/cmd/serve.go:54.55,60.3 2 0
github.com/SeansC12/marvote/pkg/api/v1/character/routes.go:17.86,21.2 1 1
github.com/SeansC12/marvote/pkg/api/v1/character/routes.go:23.67,26.16 2 1
github.com/SeansC12/marvote/pkg/api/v1/character/routes.go:29.2,29.42 1 1
github.com/SeansC12/marvote/pkg/api/v1/character/routes.go:26.16,28.3 1 1
github.com/SeansC12/marvote/pkg/api/v1/character/routes.go:32.54,36.16 3 1
github.com/SeansC12/marvote/pkg/api/v1/character/routes.go:40.2,42.16 2 1
github.com/SeansC12/marvote/pkg/api/v1/character/routes.go:46.2,46.42 1 1
github.com/SeansC12/marvote/pkg/api/v1/character/routes.go:36.16,38.3 1 1
github.com/SeansC12/marvote/pkg/api/v1/character/routes.go:42.16,44.3 1 1
github.com/SeansC12/marvote/pkg/api/v1/character/routes.go:49.61,51.34 2 1
github.com/SeansC12/marvote/pkg/api/v1/character/routes.go:56.2,61.16 3 1
github.com/SeansC12/marvote/pkg/api/v1/character/routes.go:64.2,66.33 3 1
github.com/SeansC12/marvote/pkg/api/v1/character/routes.go:51.34,53.3 1 0
github.com/SeansC12/marvote/pkg/api/v1/character/routes.go:61.16,63.3 1 0
github.com/SeansC12/marvote/cmd/serve.go:26.13,38.2 1 1
github.com/SeansC12/marvote/cmd/serve.go:40.53,54.55 9 0
github.com/SeansC12/marvote/cmd/serve.go:61.2,61.34 1 0
github.com/SeansC12/marvote/cmd/serve.go:54.55,60.3 2 0
github.com/SeansC12/marvote/pkg/repository/character_repository.go:9.52,25.2 7 1
github.com/SeansC12/marvote/pkg/repository/character_repository.go:27.73,29.2 1 1
github.com/SeansC12/marvote/pkg/repository/character_repository.go:31.87,32.38 1 1
github.com/SeansC12/marvote/pkg/repository/character_repository.go:37.2,37.35 1 0
github.com/SeansC12/marvote/pkg/repository/character_repository.go:32.38,33.30 1 1
github.com/SeansC12/marvote/pkg/repository/character_repository.go:33.30,35.4 1 1
github.com/SeansC12/marvote/pkg/api/v1/character/routes.go:17.86,21.2 1 0
github.com/SeansC12/marvote/pkg/api/v1/character/routes.go:23.67,26.16 2 0
github.com/SeansC12/marvote/pkg/api/v1/character/routes.go:29.2,29.42 1 0
github.com/SeansC12/marvote/pkg/api/v1/character/routes.go:26.16,28.3 1 0
github.com/SeansC12/marvote/pkg/api/v1/character/routes.go:32.54,36.16 3 0
github.com/SeansC12/marvote/pkg/api/v1/character/routes.go:40.2,42.16 2 0
github.com/SeansC12/marvote/pkg/api/v1/character/routes.go:46.2,46.42 1 0
github.com/SeansC12/marvote/pkg/api/v1/character/routes.go:36.16,38.3 1 0
github.com/SeansC12/marvote/pkg/api/v1/character/routes.go:42.16,44.3 1 0
github.com/SeansC12/marvote/pkg/api/v1/character/routes.go:49.61,51.34 2 0
github.com/SeansC12/marvote/pkg/api/v1/character/routes.go:56.2,61.16 3 0
github.com/SeansC12/marvote/pkg/api/v1/character/routes.go:64.2,66.33 3 0
github.com/SeansC12/marvote/pkg/api/v1/character/routes.go:51.34,53.3 1 0
github.com/SeansC12/marvote/pkg/api/v1/character/routes.go:61.16,63.3 1 0
github.com/SeansC12/marvote/pkg/api/v1/character/routes_test_mock.go:12.74,15.2 2 0
github.com/SeansC12/marvote/pkg/api/v1/character/routes_test_mock.go:17.75,20.2 2 0
github.com/SeansC12/marvote/pkg/api/v1/character/routes_test_mock.go:22.98,25.2 2 0
github.com/SeansC12/marvote/cmd/root.go:43.16,45.16 2 0
github.com/SeansC12/marvote/cmd/root.go:45.16,47.3 1 0
github.com/SeansC12/marvote/cmd/root.go:50.13,53.2 2 1
github.com/SeansC12/marvote/cmd/root.go:56.19,57.19 1 0
github.com/SeansC12/marvote/cmd/root.go:71.2,74.45 2 0
github.com/SeansC12/marvote/cmd/root.go:57.19,60.3 1 0
github.com/SeansC12/marvote/cmd/root.go:60.8,69.3 5 0
github.com/SeansC12/marvote/cmd/root.go:74.45,76.3 1 0
github.com/SeansC12/marvote/main.go:26.13,28.2 1 0
github.com/SeansC12/marvote/pkg/service/character_service.go:14.97,18.2 1 0
github.com/SeansC12/marvote/pkg/service/character_service.go:20.69,22.16 2 0
github.com/SeansC12/marvote/pkg/service/character_service.go:25.2,25.24 1 0
github.com/SeansC12/marvote/pkg/service/character_service.go:22.16,24.3 1 0
github.com/SeansC12/marvote/pkg/service/character_service.go:28.79,30.16 2 0
github.com/SeansC12/marvote/pkg/service/character_service.go:33.2,33.29 1 0
github.com/SeansC12/marvote/pkg/service/character_service.go:30.16,32.3 1 0
github.com/SeansC12/marvote/pkg/service/character_service.go:36.93,39.2 2 0
github.com/SeansC12/marvote/pkg/service/character_service_mock.go:12.78,15.2 2 0
github.com/SeansC12/marvote/pkg/service/character_service_mock.go:17.83,20.2 2 0
github.com/SeansC12/marvote/pkg/service/errors.go:10.48,12.2 1 0
github.com/SeansC12/marvote/pkg/api/v1/character/routes.go:17.86,21.2 1 0
github.com/SeansC12/marvote/pkg/api/v1/character/routes.go:23.67,26.16 2 0
github.com/SeansC12/marvote/pkg/api/v1/character/routes.go:29.2,29.42 1 0
github.com/SeansC12/marvote/pkg/api/v1/character/routes.go:26.16,28.3 1 0
github.com/SeansC12/marvote/pkg/api/v1/character/routes.go:32.54,36.16 3 0
github.com/SeansC12/marvote/pkg/api/v1/character/routes.go:40.2,42.16 2 0
github.com/SeansC12/marvote/pkg/api/v1/character/routes.go:46.2,46.42 1 0
github.com/SeansC12/marvote/pkg/api/v1/character/routes.go:36.16,38.3 1 0
github.com/SeansC12/marvote/pkg/api/v1/character/routes.go:42.16,44.3 1 0
github.com/SeansC12/marvote/pkg/api/v1/character/routes.go:49.61,51.34 2 0
github.com/SeansC12/marvote/pkg/api/v1/character/routes.go:56.2,61.16 3 0
github.com/SeansC12/marvote/pkg/api/v1/character/routes.go:64.2,66.33 3 0
github.com/SeansC12/marvote/pkg/api/v1/character/routes.go:51.34,53.3 1 0
github.com/SeansC12/marvote/pkg/api/v1/character/routes.go:61.16,63.3 1 0
github.com/SeansC12/marvote/main.go:26.13,28.2 1 0
github.com/SeansC12/marvote/pkg/service/character_service_mock.go:12.78,15.2 2 1
github.com/SeansC12/marvote/pkg/service/character_service_mock.go:17.83,20.2 2 1
github.com/SeansC12/marvote/pkg/api/v1/character/routes_test_mock.go:12.74,15.2 2 0
github.com/SeansC12/marvote/pkg/api/v1/character/routes_test_mock.go:17.75,20.2 2 0
github.com/SeansC12/marvote/pkg/api/v1/character/routes_test_mock.go:22.98,25.2 2 0
github.com/SeansC12/marvote/cmd/root.go:43.16,45.16 2 0
github.com/SeansC12/marvote/cmd/root.go:45.16,47.3 1 0
github.com/SeansC12/marvote/cmd/root.go:50.13,53.2 2 1
github.com/SeansC12/marvote/cmd/root.go:56.19,57.19 1 0
github.com/SeansC12/marvote/cmd/root.go:71.2,74.45 2 0
github.com/SeansC12/marvote/cmd/root.go:57.19,60.3 1 0
github.com/SeansC12/marvote/cmd/root.go:60.8,69.3 5 0
github.com/SeansC12/marvote/cmd/root.go:74.45,76.3 1 0
github.com/SeansC12/marvote/cmd/serve.go:26.13,38.2 1 1
github.com/SeansC12/marvote/cmd/serve.go:40.53,54.55 9 0
github.com/SeansC12/marvote/cmd/serve.go:61.2,61.34 1 0
github.com/SeansC12/marvote/cmd/serve.go:54.55,60.3 2 0
github.com/SeansC12/marvote/pkg/service/character_service.go:14.97,18.2 1 1
github.com/SeansC12/marvote/pkg/service/character_service.go:20.69,22.16 2 1
github.com/SeansC12/marvote/pkg/service/character_service.go:25.2,25.24 1 1
github.com/SeansC12/marvote/pkg/service/character_service.go:22.16,24.3 1 0
github.com/SeansC12/marvote/pkg/service/character_service.go:28.79,30.16 2 1
github.com/SeansC12/marvote/pkg/service/character_service.go:33.2,33.29 1 1
github.com/SeansC12/marvote/pkg/service/character_service.go:30.16,32.3 1 0
github.com/SeansC12/marvote/pkg/service/character_service.go:36.93,39.2 2 1
github.com/SeansC12/marvote/pkg/repository/character_repository.go:9.52,25.2 7 0
github.com/SeansC12/marvote/pkg/repository/character_repository.go:27.73,29.2 1 0
github.com/SeansC12/marvote/pkg/repository/character_repository.go:31.87,32.38 1 0
github.com/SeansC12/marvote/pkg/repository/character_repository.go:37.2,37.35 1 0
github.com/SeansC12/marvote/pkg/repository/character_repository.go:32.38,33.30 1 0
github.com/SeansC12/marvote/pkg/repository/character_repository.go:33.30,35.4 1 0
github.com/SeansC12/marvote/pkg/service/errors.go:10.48,12.2 1 0
