mode: set
github.com/SeansC12/marvote/pkg/service/character_service_mock.go:12.78,15.2 2 0
github.com/SeansC12/marvote/pkg/service/character_service_mock.go:17.83,20.2 2 0
github.com/SeansC12/marvote/cmd/root.go:43.16,45.16 2 0
github.com/SeansC12/marvote/cmd/root.go:45.16,47.3 1 0
github.com/SeansC12/marvote/cmd/root.go:50.13,53.2 2 1
github.com/SeansC12/marvote/cmd/root.go:56.19,57.19 1 0
github.com/SeansC12/marvote/cmd/root.go:71.2,74.45 2 0
github.com/SeansC12/marvote/cmd/root.go:57.19,60.3 1 0
github.com/SeansC12/marvote/cmd/root.go:60.8,69.3 5 0
github.com/SeansC12/marvote/cmd/root.go:74.45,76.3 1 0
github.com/SeansC12/marvote/pkg/api/v1/character/routes_test_mock.go:12.74,15.2 2 1
github.com/SeansC12/marvote/pkg/api/v1/character/routes_test_mock.go:17.75,20.2 2 1
github.com/SeansC12/marvote/pkg/service/character_service.go:12.97,16.2 1 0
github.com/SeansC12/marvote/pkg/service/character_service.go:18.69,20.16 2 0
github.com/SeansC12/marvote/pkg/service/character_service.go:23.2,23.24 1 0
github.com/SeansC12/marvote/pkg/service/character_service.go:20.16,22.3 1 0
github.com/SeansC12/marvote/pkg/service/character_service.go:26.79,28.16 2 0
github.com/SeansC12/marvote/pkg/service/character_service.go:31.2,31.29 1 0
github.com/SeansC12/marvote/pkg/service/character_service.go:28.16,30.3 1 0
github.com/SeansC12/marvote/pkg/service/errors.go:10.48,12.2 1 0
github.com/SeansC12/marvote/cmd/serve.go:26.13,38.2 1 1
github.com/SeansC12/marvote/cmd/serve.go:40.53,53.55 8 0
github.com/SeansC12/marvote/cmd/serve.go:60.2,60.34 1 0
github.com/SeansC12/marvote/cmd/serve.go:53.55,59.3 2 0
github.com/SeansC12/marvote/main.go:26.13,28.2 1 0
github.com/SeansC12/marvote/pkg/repository/character_repository.go:9.52,25.2 7 0
github.com/SeansC12/marvote/pkg/repository/character_repository.go:27.73,29.2 1 0
github.com/SeansC12/marvote/pkg/repository/character_repository.go:31.87,32.38 1 0
github.com/SeansC12/marvote/pkg/repository/character_repository.go:37.2,37.35 1 0
github.com/SeansC12/marvote/pkg/repository/character_repository.go:32.38,33.30 1 0
github.com/SeansC12/marvote/pkg/repository/character_repository.go:33.30,35.4 1 0
github.com/SeansC12/marvote/pkg/api/v1/character/routes.go:15.86,19.2 1 1
github.com/SeansC12/marvote/pkg/api/v1/character/routes.go:21.67,24.16 2 1
github.com/SeansC12/marvote/pkg/api/v1/character/routes.go:27.2,27.42 1 1
github.com/SeansC12/marvote/pkg/api/v1/character/routes.go:24.16,26.3 1 1
github.com/SeansC12/marvote/pkg/api/v1/character/routes.go:30.54,34.16 3 1
github.com/SeansC12/marvote/pkg/api/v1/character/routes.go:38.2,40.16 2 1
github.com/SeansC12/marvote/pkg/api/v1/character/routes.go:44.2,44.42 1 1
github.com/SeansC12/marvote/pkg/api/v1/character/routes.go:34.16,36.3 1 1
github.com/SeansC12/marvote/pkg/api/v1/character/routes.go:40.16,42.3 1 1
github.com/SeansC12/marvote/pkg/api/v1/character/routes.go:15.86,19.2 1 0
github.com/SeansC12/marvote/pkg/api/v1/character/routes.go:21.67,24.16 2 0
github.com/SeansC12/marvote/pkg/api/v1/character/routes.go:27.2,27.42 1 0
github.com/SeansC12/marvote/pkg/api/v1/character/routes.go:24.16,26.3 1 0
github.com/SeansC12/marvote/pkg/api/v1/character/routes.go:30.54,34.16 3 0
github.com/SeansC12/marvote/pkg/api/v1/character/routes.go:38.2,40.16 2 0
github.com/SeansC12/marvote/pkg/api/v1/character/routes.go:44.2,44.42 1 0
github.com/SeansC12/marvote/pkg/api/v1/character/routes.go:34.16,36.3 1 0
github.com/SeansC12/marvote/pkg/api/v1/character/routes.go:40.16,42.3 1 0
github.com/SeansC12/marvote/cmd/root.go:43.16,45.16 2 0
github.com/SeansC12/marvote/cmd/root.go:45.16,47.3 1 0
github.com/SeansC12/marvote/cmd/root.go:50.13,53.2 2 1
github.com/SeansC12/marvote/cmd/root.go:56.19,57.19 1 0
github.com/SeansC12/marvote/cmd/root.go:71.2,74.45 2 0
github.com/SeansC12/marvote/cmd/root.go:57.19,60.3 1 0
github.com/SeansC12/marvote/cmd/root.go:60.8,69.3 5 0
github.com/SeansC12/marvote/cmd/root.go:74.45,76.3 1 0
github.com/SeansC12/marvote/cmd/serve.go:26.13,38.2 1 1
github.com/SeansC12/marvote/cmd/serve.go:40.53,53.55 8 0
github.com/SeansC12/marvote/cmd/serve.go:60.2,60.34 1 0
github.com/SeansC12/marvote/cmd/serve.go:53.55,59.3 2 0
github.com/SeansC12/marvote/main.go:26.13,28.2 1 0
github.com/SeansC12/marvote/pkg/service/character_service_mock.go:12.78,15.2 2 0
github.com/SeansC12/marvote/pkg/service/character_service_mock.go:17.83,20.2 2 0
github.com/SeansC12/marvote/pkg/service/errors.go:10.48,12.2 1 0
github.com/SeansC12/marvote/pkg/api/v1/character/routes_test_mock.go:12.74,15.2 2 0
github.com/SeansC12/marvote/pkg/api/v1/character/routes_test_mock.go:17.75,20.2 2 0
github.com/SeansC12/marvote/pkg/repository/character_repository.go:9.52,25.2 7 1
github.com/SeansC12/marvote/pkg/repository/character_repository.go:27.73,29.2 1 1
github.com/SeansC12/marvote/pkg/repository/character_repository.go:31.87,32.38 1 1
github.com/SeansC12/marvote/pkg/repository/character_repository.go:37.2,37.35 1 0
github.com/SeansC12/marvote/pkg/repository/character_repository.go:32.38,33.30 1 1
github.com/SeansC12/marvote/pkg/repository/character_repository.go:33.30,35.4 1 1
github.com/SeansC12/marvote/pkg/service/character_service.go:12.97,16.2 1 0
github.com/SeansC12/marvote/pkg/service/character_service.go:18.69,20.16 2 0
github.com/SeansC12/marvote/pkg/service/character_service.go:23.2,23.24 1 0
github.com/SeansC12/marvote/pkg/service/character_service.go:20.16,22.3 1 0
github.com/SeansC12/marvote/pkg/service/character_service.go:26.79,28.16 2 0
github.com/SeansC12/marvote/pkg/service/character_service.go:31.2,31.29 1 0
github.com/SeansC12/marvote/pkg/service/character_service.go:28.16,30.3 1 0
github.com/SeansC12/marvote/pkg/api/v1/character/routes_test_mock.go:12.74,15.2 2 0
github.com/SeansC12/marvote/pkg/api/v1/character/routes_test_mock.go:17.75,20.2 2 0
github.com/SeansC12/marvote/main.go:26.13,28.2 1 0
github.com/SeansC12/marvote/pkg/service/character_service.go:12.97,16.2 1 1
github.com/SeansC12/marvote/pkg/service/character_service.go:18.69,20.16 2 1
github.com/SeansC12/marvote/pkg/service/character_service.go:23.2,23.24 1 1
github.com/SeansC12/marvote/pkg/service/character_service.go:20.16,22.3 1 0
github.com/SeansC12/marvote/pkg/service/character_service.go:26.79,28.16 2 1
github.com/SeansC12/marvote/pkg/service/character_service.go:31.2,31.29 1 1
github.com/SeansC12/marvote/pkg/service/character_service.go:28.16,30.3 1 0
github.com/SeansC12/marvote/pkg/service/character_service_mock.go:12.78,15.2 2 1
github.com/SeansC12/marvote/pkg/service/character_service_mock.go:17.83,20.2 2 1
github.com/SeansC12/marvote/pkg/repository/character_repository.go:9.52,25.2 7 0
github.com/SeansC12/marvote/pkg/repository/character_repository.go:27.73,29.2 1 0
github.com/SeansC12/marvote/pkg/repository/character_repository.go:31.87,32.38 1 0
github.com/SeansC12/marvote/pkg/repository/character_repository.go:37.2,37.35 1 0
github.com/SeansC12/marvote/pkg/repository/character_repository.go:32.38,33.30 1 0
github.com/SeansC12/marvote/pkg/repository/character_repository.go:33.30,35.4 1 0
github.com/SeansC12/marvote/pkg/api/v1/character/routes.go:15.86,19.2 1 0
github.com/SeansC12/marvote/pkg/api/v1/character/routes.go:21.67,24.16 2 0
github.com/SeansC12/marvote/pkg/api/v1/character/routes.go:27.2,27.42 1 0
github.com/SeansC12/marvote/pkg/api/v1/character/routes.go:24.16,26.3 1 0
github.com/SeansC12/marvote/pkg/api/v1/character/routes.go:30.54,34.16 3 0
github.com/SeansC12/marvote/pkg/api/v1/character/routes.go:38.2,40.16 2 0
github.com/SeansC12/marvote/pkg/api/v1/character/routes.go:44.2,44.42 1 0
github.com/SeansC12/marvote/pkg/api/v1/character/routes.go:34.16,36.3 1 0
github.com/SeansC12/marvote/pkg/api/v1/character/routes.go:40.16,42.3 1 0
github.com/SeansC12/marvote/cmd/root.go:43.16,45.16 2 0
github.com/SeansC12/marvote/cmd/root.go:45.16,47.3 1 0
github.com/SeansC12/marvote/cmd/root.go:50.13,53.2 2 1
github.com/SeansC12/marvote/cmd/root.go:56.19,57.19 1 0
github.com/SeansC12/marvote/cmd/root.go:71.2,74.45 2 0
github.com/SeansC12/marvote/cmd/root.go:57.19,60.3 1 0
github.com/SeansC12/marvote/cmd/root.go:60.8,69.3 5 0
github.com/SeansC12/marvote/cmd/root.go:74.45,76.3 1 0
github.com/SeansC12/marvote/cmd/serve.go:26.13,38.2 1 1
github.com/SeansC12/marvote/cmd/serve.go:40.53,53.55 8 0
github.com/SeansC12/marvote/cmd/serve.go:60.2,60.34 1 0
github.com/SeansC12/marvote/cmd/serve.go:53.55,59.3 2 0
github.com/SeansC12/marvote/pkg/service/errors.go:10.48,12.2 1 0
